NO RESULT for: 41.682138701873434,12.624008924770767 - 41.7231735,12.6060371
NO RESULT for: 41.682138701873434,12.624008924770767 - 41.7257871,12.608252
NO RESULT for: 41.682138701873434,12.624008924770767 - 41.7277776,12.6646983
NO RESULT for: 41.682138701873434,12.624008924770767 - 41.7252366,12.6556394
NO RESULT for: 41.682138701873434,12.624008924770767 - 41.7266811,12.6631464
NO RESULT for: 41.682138701873434,12.624008924770767 - 41.7225825,12.6122039
NO RESULT for: 41.682138701873434,12.624008924770767 - 41.722796,12.6096064
NO RESULT for: 42.054860570815855,12.126710674639973 - 42.1021626,12.1747502
NO RESULT for: 42.054860570815855,12.126710674639973 - 42.1009293,12.1588681
NO RESULT for: 42.054860570815855,12.126710674639973 - 42.1014864,12.171189
NO RESULT for: 42.054860570815855,12.126710674639973 - 42.10022,12.15851
NO RESULT for: 42.054860570815855,12.126710674639973 - 42.0994556,12.175708
NO RESULT for: 42.07433034148701,12.070706969719529 - 42.1021626,12.1747502
NO RESULT for: 42.07433034148701,12.070706969719529 - 42.1009293,12.1588681
NO RESULT for: 42.07433034148701,12.070706969719529 - 42.1014864,12.171189
NO RESULT for: 42.07433034148701,12.070706969719529 - 42.10022,12.15851
NO RESULT for: 42.07433034148701,12.070706969719529 - 42.0994556,12.175708
NO RESULT for: 42.108830426872494,12.550559616611421 - 42.1394994,12.5404698
NO RESULT for: 42.108830426872494,12.550559616611421 - 42.1392678,12.5420903
NO RESULT for: 42.108830426872494,12.550559616611421 - 42.1394566,12.5423151
NO RESULT for: 41.9133117948359,12.92825580159288 - 41.9203308,12.8743375
NO RESULT for: 41.9133117948359,12.92825580159288 - 41.9069547,12.8877942
NO RESULT for: 41.9712174572541,13.107353007776036 - 42.04141329999999,13.0161213
NO RESULT for: 41.9712174572541,13.107353007776036 - 41.9242555,13.0941288
NO RESULT for: 41.9712174572541,13.107353007776036 - 41.9275895,13.0934048
NO RESULT for: 41.9712174572541,13.107353007776036 - 41.9293519,13.0928266
NO RESULT for: 42.12247065980157,12.524838019833378 - 42.1475906,12.4910719
NO RESULT for: 42.12247065980157,12.524838019833378 - 42.1474348,12.4910877
NO RESULT for: 42.12247065980157,12.524838019833378 - 41.5394999,13.279173
NO RESULT for: 42.12247065980157,12.524838019833378 - 42.147924,12.5115272
NO RESULT for: 42.12247065980157,12.524838019833378 - 42.1462188,12.5050638
NO RESULT for: 41.75163828896383,12.76944046472864 - 41.7620126,12.708208
NO RESULT for: 41.75163828896383,12.76944046472864 - 41.7770481,12.6934884
NO RESULT for: 41.75163828896383,12.76944046472864 - 41.7637096,12.7025863
NO RESULT for: 41.75163828896383,12.76944046472864 - 41.7597368,12.7127702
NO RESULT for: 41.75163828896383,12.76944046472864 - 41.7615682,12.7078911
NO RESULT for: 42.165490491876355,12.292689456882265 - 42.1568788,12.2438906
NO RESULT for: 42.165490491876355,12.292689456882265 - 42.1557232,12.2456418
NO RESULT for: 42.165490491876355,12.292689456882265 - 42.1605671,12.2444067
NO RESULT for: 41.682138701873434,12.624008924770767 - 41.7231735,12.6060371
NO RESULT for: 41.682138701873434,12.624008924770767 - 41.7257871,12.608252
NO RESULT for: 41.682138701873434,12.624008924770767 - 41.7277776,12.6646983
NO RESULT for: 41.682138701873434,12.624008924770767 - 41.7252366,12.6556394
NO RESULT for: 41.682138701873434,12.624008924770767 - 41.7266811,12.6631464
NO RESULT for: 41.682138701873434,12.624008924770767 - 41.7225825,12.6122039
NO RESULT for: 41.682138701873434,12.624008924770767 - 41.722796,12.6096064
NO RESULT for: 42.054860570815855,12.126710674639973 - 42.1021626,12.1747502
NO RESULT for: 42.054860570815855,12.126710674639973 - 42.1009293,12.1588681
NO RESULT for: 42.054860570815855,12.126710674639973 - 42.1014864,12.171189
NO RESULT for: 42.054860570815855,12.126710674639973 - 42.10022,12.15851
NO RESULT for: 42.054860570815855,12.126710674639973 - 42.0994556,12.175708
NO RESULT for: 42.07433034148701,12.070706969719529 - 42.1021626,12.1747502
NO RESULT for: 42.07433034148701,12.070706969719529 - 42.1009293,12.1588681
NO RESULT for: 42.07433034148701,12.070706969719529 - 42.1014864,12.171189
NO RESULT for: 42.07433034148701,12.070706969719529 - 42.10022,12.15851
NO RESULT for: 42.07433034148701,12.070706969719529 - 42.0994556,12.175708
NO RESULT for: 42.108830426872494,12.550559616611421 - 42.1394994,12.5404698
NO RESULT for: 42.108830426872494,12.550559616611421 - 42.1392678,12.5420903
NO RESULT for: 42.108830426872494,12.550559616611421 - 42.1394566,12.5423151
NO RESULT for: 41.9133117948359,12.92825580159288 - 41.9203308,12.8743375
NO RESULT for: 41.9133117948359,12.92825580159288 - 41.9069547,12.8877942
NO RESULT for: 41.9712174572541,13.107353007776036 - 42.04141329999999,13.0161213
NO RESULT for: 41.9712174572541,13.107353007776036 - 41.9242555,13.0941288
NO RESULT for: 41.9712174572541,13.107353007776036 - 41.9275895,13.0934048
NO RESULT for: 41.9712174572541,13.107353007776036 - 41.9293519,13.0928266
NO RESULT for: 41.75163828896383,12.76944046472864 - 41.7620126,12.708208
NO RESULT for: 41.75163828896383,12.76944046472864 - 41.7770481,12.6934884
NO RESULT for: 41.75163828896383,12.76944046472864 - 41.7637096,12.7025863
NO RESULT for: 41.75163828896383,12.76944046472864 - 41.7597368,12.7127702
NO RESULT for: 41.75163828896383,12.76944046472864 - 41.7615682,12.7078911
NO RESULT for: 42.165490491876355,12.292689456882265 - 42.1568788,12.2438906
NO RESULT for: 42.165490491876355,12.292689456882265 - 42.1557232,12.2456418
NO RESULT for: 42.165490491876355,12.292689456882265 - 42.1605671,12.2444067
NO RESULT for: 41.682138701873434,12.624008924770767 - 41.7231735,12.6060371
NO RESULT for: 41.682138701873434,12.624008924770767 - 41.7257871,12.608252
NO RESULT for: 41.682138701873434,12.624008924770767 - 41.7277776,12.6646983
NO RESULT for: 41.682138701873434,12.624008924770767 - 41.7252366,12.6556394
NO RESULT for: 41.682138701873434,12.624008924770767 - 41.7266811,12.6631464
NO RESULT for: 41.682138701873434,12.624008924770767 - 41.7225825,12.6122039
NO RESULT for: 41.682138701873434,12.624008924770767 - 41.722796,12.6096064
NO RESULT for: 42.054860570815855,12.126710674639973 - 42.1021626,12.1747502
NO RESULT for: 42.054860570815855,12.126710674639973 - 42.1009293,12.1588681
NO RESULT for: 42.054860570815855,12.126710674639973 - 42.1014864,12.171189
NO RESULT for: 42.054860570815855,12.126710674639973 - 42.10022,12.15851
NO RESULT for: 42.054860570815855,12.126710674639973 - 42.0994556,12.175708
NO RESULT for: 42.07433034148701,12.070706969719529 - 42.1021626,12.1747502
NO RESULT for: 42.07433034148701,12.070706969719529 - 42.1009293,12.1588681
NO RESULT for: 42.07433034148701,12.070706969719529 - 42.1014864,12.171189
NO RESULT for: 42.07433034148701,12.070706969719529 - 42.10022,12.15851
NO RESULT for: 42.07433034148701,12.070706969719529 - 42.0994556,12.175708
NO RESULT for: 42.108830426872494,12.550559616611421 - 42.1394994,12.5404698
NO RESULT for: 42.108830426872494,12.550559616611421 - 42.1392678,12.5420903
NO RESULT for: 42.108830426872494,12.550559616611421 - 42.1394566,12.5423151
NO RESULT for: 41.9133117948359,12.92825580159288 - 41.9203308,12.8743375
NO RESULT for: 41.9133117948359,12.92825580159288 - 41.9069547,12.8877942
NO RESULT for: 41.9712174572541,13.107353007776036 - 42.04141329999999,13.0161213
NO RESULT for: 41.9712174572541,13.107353007776036 - 41.9242555,13.0941288
NO RESULT for: 41.9712174572541,13.107353007776036 - 41.9275895,13.0934048
NO RESULT for: 41.9712174572541,13.107353007776036 - 41.9293519,13.0928266
NO RESULT for: 41.682138701873434,12.624008924770767 - 41.7231735,12.6060371
NO RESULT for: 41.682138701873434,12.624008924770767 - 41.7257871,12.608252
NO RESULT for: 41.682138701873434,12.624008924770767 - 41.7277776,12.6646983
NO RESULT for: 41.682138701873434,12.624008924770767 - 41.7252366,12.6556394
NO RESULT for: 41.682138701873434,12.624008924770767 - 41.7266811,12.6631464
NO RESULT for: 41.682138701873434,12.624008924770767 - 41.7225825,12.6122039
NO RESULT for: 41.682138701873434,12.624008924770767 - 41.722796,12.6096064
NO RESULT for: 42.054860570815855,12.126710674639973 - 42.1021626,12.1747502
NO RESULT for: 42.054860570815855,12.126710674639973 - 42.1009293,12.1588681
NO RESULT for: 42.054860570815855,12.126710674639973 - 42.1014864,12.171189
NO RESULT for: 42.054860570815855,12.126710674639973 - 42.10022,12.15851
NO RESULT for: 42.054860570815855,12.126710674639973 - 42.0994556,12.175708
NO RESULT for: 42.07433034148701,12.070706969719529 - 42.1021626,12.1747502
NO RESULT for: 42.07433034148701,12.070706969719529 - 42.1009293,12.1588681
NO RESULT for: 42.07433034148701,12.070706969719529 - 42.1014864,12.171189
NO RESULT for: 42.07433034148701,12.070706969719529 - 42.10022,12.15851
NO RESULT for: 42.07433034148701,12.070706969719529 - 42.0994556,12.175708
NO RESULT for: 42.108830426872494,12.550559616611421 - 42.1394994,12.5404698
NO RESULT for: 42.108830426872494,12.550559616611421 - 42.1392678,12.5420903
NO RESULT for: 42.108830426872494,12.550559616611421 - 42.1394566,12.5423151
NO RESULT for: 41.9133117948359,12.92825580159288 - 41.9203308,12.8743375
NO RESULT for: 41.9133117948359,12.92825580159288 - 41.9069547,12.8877942
NO RESULT for: 41.9712174572541,13.107353007776036 - 42.04141329999999,13.0161213
NO RESULT for: 41.9712174572541,13.107353007776036 - 41.9242555,13.0941288
NO RESULT for: 41.9712174572541,13.107353007776036 - 41.9275895,13.0934048
NO RESULT for: 41.9712174572541,13.107353007776036 - 41.9293519,13.0928266
NO RESULT for: 42.12247065980157,12.524838019833378 - 42.147924,12.5115272
NO RESULT for: 42.12247065980157,12.524838019833378 - 42.1462188,12.5050638
NO RESULT for: 42.12247065980157,12.524838019833378 - 42.1474348,12.4910877
NO RESULT for: 42.12247065980157,12.524838019833378 - 42.1475906,12.4910719
NO RESULT for: 41.75163828896383,12.76944046472864 - 41.7620126,12.708208
NO RESULT for: 41.75163828896383,12.76944046472864 - 41.7770481,12.6934884
NO RESULT for: 41.75163828896383,12.76944046472864 - 41.7637096,12.7025863
NO RESULT for: 41.75163828896383,12.76944046472864 - 41.7597368,12.7127702
NO RESULT for: 41.75163828896383,12.76944046472864 - 41.7615682,12.7078911
NO RESULT for: 42.165490491876355,12.292689456882265 - 42.1568788,12.2438906
NO RESULT for: 42.165490491876355,12.292689456882265 - 42.1557232,12.2456418
NO RESULT for: 42.165490491876355,12.292689456882265 - 42.1605671,12.2444067
